

Processing sub-19
NbSes

NbSes =

     3

iSes = 1

iSes =

     1

% Gets all the runs for that session
        cd(fullfile(SubDir, SesLs(iSes).name, 'func'))

        TSV = spm_select('FPList', fullfile(pwd), ...
            ['^' SubLs(iSub).name '_ses-' num2str(iSes) '.*_task-audiovisualtactile_run-.*.tsv$']);
        RP = spm_select('FPList', fullfile(pwd), ...
            ['^rp_' SubLs(iSub).name '_ses-' num2str(iSes) '.*_task-audiovisualtactile_run-.*.txt$']);
        IMG = spm_select('FPList', fullfile(pwd),...
            ['^' suffix 'auv' SubLs(iSub).name '_ses-' num2str(iSes) '_task-audiovisualtactile_run-.*_bold.nii.gz$']);
IMG

IMG =

     ''


IMG = spm_select('FPList', fullfile(pwd),...
            ['^' suffix 'auv' SubLs(iSub).name '_ses-' num2str(iSes) '_task-audiovisualtactile_run-.*_bold.nii$']);
IMG

IMG =

     ''


if system_dependent('IsDebugMode')==1, dbquit; end
RealignAndUnwarp
